Server started:Tue Dec 04 14:28:40 GMT 2018
Connection request made Tue Dec 04 14:28:45 GMT 2018
Connection Succesful Tue Dec 04 14:28:45 GMT 2018
Connection with client closed
Client connected for -14944972708
Server started:Tue Dec 04 14:31:19 GMT 2018
Connection request made Tue Dec 04 14:31:29 GMT 2018
Connection Succesful Tue Dec 04 14:31:29 GMT 2018
Connection with client closed
Client connected for -9661326751
Server started:Tue Dec 04 14:48:17 GMT 2018
Connection request made Tue Dec 04 14:48:21 GMT 2018
Connection Succesful Tue Dec 04 14:48:21 GMT 2018
Connection with client closed
Client connected for -2106308436
Connection with client closed
Client connected for -2130393456
Connection with client closed
Client connected for -7090590309
Connection with client closed
Client connected for -8312025992
Connection with client closed
Client connected for -12187280742
Server started:Tue Dec 04 20:38:17 GMT 2018
Connection request made Tue Dec 04 20:41:32 GMT 2018
Connection Succesful Tue Dec 04 20:41:32 GMT 2018
got song request Lobo from client
Connection with client closed
Client connected for -12059422848
Connection with client closed
Client connected for -12074883468
Connection request made Tue Dec 04 20:42:38 GMT 2018
Connection Succesful Tue Dec 04 20:42:38 GMT 2018
Connection with client closed
Client connected for -44705883500
Connection with client closed
Client connected for -10494038120
Server started:Wed Dec 05 12:35:37 GMT 2018
Connection request made Wed Dec 05 12:35:42 GMT 2018
Connection Succesful Wed Dec 05 12:35:42 GMT 2018
Connection with client closed
Client connected for -11898644195
Connection request made Wed Dec 05 12:35:54 GMT 2018
Connection with client closed
Connection Succesful Wed Dec 05 12:35:54 GMT 2018
Client connected for -11918786603
Connection with client closed
Client connected for -10365329738
Server started:Wed Dec 05 12:46:57 GMT 2018
Connection request made Wed Dec 05 12:47:13 GMT 2018
Connection Succesful Wed Dec 05 12:47:13 GMT 2018
Connection with client closed
Client connected for -34903063347
Connection request made Wed Dec 05 12:47:48 GMT 2018
Connection Succesful Wed Dec 05 12:47:48 GMT 2018
Connection with client closed
Client connected for -34919804316
Connection with client closed
Client connected for -36608100975
Server started:Wed Dec 05 13:07:12 GMT 2018
Connection request made Wed Dec 05 13:08:15 GMT 2018
Connection Succesful Wed Dec 05 13:08:15 GMT 2018
got song request hello from client
Connection with client closed
Client connected for -81115605327
Connection request made Wed Dec 05 13:09:36 GMT 2018
Connection Succesful Wed Dec 05 13:09:36 GMT 2018
Connection with client closed
Client connected for -81156436958
Connection with client closed
Client connected for -11856303434
Server started:Wed Dec 05 13:10:47 GMT 2018
Connection request made Wed Dec 05 13:11:07 GMT 2018
Connection Succesful Wed Dec 05 13:11:07 GMT 2018
Connection with client closed
Client connected for -25313274025
Connection request made Wed Dec 05 13:11:33 GMT 2018
Connection Succesful Wed Dec 05 13:11:33 GMT 2018
Connection with client closed
Client connected for -25357699969
Connection with client closed
Client connected for -166910118088
Connection request made Wed Dec 05 13:14:33 GMT 2018
Connection Succesful Wed Dec 05 13:14:33 GMT 2018
Connection with client closed
Client connected for -34559154
Connection request made Wed Dec 05 13:14:59 GMT 2018
Connection Succesful Wed Dec 05 13:14:59 GMT 2018
Connection with client closed
Client connected for -14899442
Connection request made Wed Dec 05 13:14:59 GMT 2018
Connection Succesful Wed Dec 05 13:14:59 GMT 2018
Connection with client closed
Connection with client closed
Client connected for -55325322
Server started:Wed Dec 05 13:18:29 GMT 2018
Server started:Wed Dec 05 13:19:55 GMT 2018
Connection request made Wed Dec 05 13:20:10 GMT 2018
Connection Succesful Wed Dec 05 13:20:10 GMT 2018
Connection with client closed
Client connected for -20546621
Connection request made Wed Dec 05 13:20:10 GMT 2018
Connection Succesful Wed Dec 05 13:20:10 GMT 2018
Connection with client closed
Client connected for -43458501
Connection request made Wed Dec 05 13:21:22 GMT 2018
Connection Succesful Wed Dec 05 13:21:22 GMT 2018
Connection with client closed
Client connected for -16030006
Client connected for -71351592664
Connection with client closed
Client connected for -4086224506
Server started:Wed Dec 05 13:21:44 GMT 2018
Connection request made Wed Dec 05 13:22:04 GMT 2018
Connection Succesful Wed Dec 05 13:22:04 GMT 2018
Connection with client closed
Client connected for -16136189
Connection request made Wed Dec 05 13:22:04 GMT 2018
Connection with client closed
Connection Succesful Wed Dec 05 13:22:04 GMT 2018
Client connected for -30158982
Connection request made Wed Dec 05 13:23:01 GMT 2018
Connection Succesful Wed Dec 05 13:23:01 GMT 2018
Connection with client closed
Connection with client closed
Client connected for -57275447314
Connection request made Wed Dec 05 13:23:01 GMT 2018
Connection Succesful Wed Dec 05 13:23:01 GMT 2018
Connection with client closed
Client connected for -58866799
Connection with client closed
Client connected for -61795802
Server started:Wed Dec 05 13:27:21 GMT 2018
Connection request made Wed Dec 05 13:27:39 GMT 2018
Connection Succesful Wed Dec 05 13:27:39 GMT 2018
Connection with client closed
Client connected for -389965450592
Connection request made Wed Dec 05 13:34:09 GMT 2018
Connection Succesful Wed Dec 05 13:34:09 GMT 2018
Connection with client closed
Connection with client closed
Client connected for -389997078691
Connection with client closed
Client connected for -40585924
Server started:Wed Dec 05 14:39:28 GMT 2018
Connection request made Wed Dec 05 14:39:42 GMT 2018
Connection Succesful Wed Dec 05 14:39:42 GMT 2018
Connection with client closed
Client connected for -18661247755
Connection request made Wed Dec 05 14:40:01 GMT 2018
Connection Succesful Wed Dec 05 14:40:01 GMT 2018
Connection with client closed
Connection with client closed
Client connected for -18710238018
Connection with client closed
Client connected for -60992506
Connection request made Wed Dec 05 14:42:58 GMT 2018
Connection Succesful Wed Dec 05 14:42:58 GMT 2018
Connection with client closed
Client connected for -106472005454
Connection with client closed
Client connected for -58019902
Connection request made Wed Dec 05 14:43:47 GMT 2018
Connection Succesful Wed Dec 05 14:43:47 GMT 2018
Connection with client closed
Client connected for -10957343
Client connected for -18587706704
Connection request made Wed Dec 05 14:45:00 GMT 2018
Connection Succesful Wed Dec 05 14:45:00 GMT 2018
Connection with client closed
Client connected for -16155148915
Connection with client closed
Client connected for -3562115633
Connection request made Wed Dec 05 14:48:09 GMT 2018
Connection Succesful Wed Dec 05 14:48:09 GMT 2018
Connection with client closed
Client connected for -30233943192
Server started:Wed Dec 05 14:50:46 GMT 2018
Connection request made Wed Dec 05 14:51:00 GMT 2018
Connection Succesful Wed Dec 05 14:51:00 GMT 2018
got song request Lobo from client
Connection with client closed
Client connected for -37892261431
Connection request made Wed Dec 05 14:51:38 GMT 2018
Connection Succesful Wed Dec 05 14:51:38 GMT 2018
Connection with client closed
Client connected for -37919212872
Connection with client closed
Client connected for -3133636390
Connection request made Wed Dec 05 14:55:38 GMT 2018
Connection Succesful Wed Dec 05 14:55:38 GMT 2018
Connection with client closed
Connection with client closed
Client connected for -17075419
Connection with client closed
Client connected for -32457044
Connection request made Thu Dec 06 13:40:52 GMT 2018
Connection with client closed
Connection Succesful Thu Dec 06 13:40:52 GMT 2018
Client connected for -81917346490249
Connection request made Thu Dec 06 13:40:53 GMT 2018
Connection Succesful Thu Dec 06 13:40:53 GMT 2018
Connection with client closed
Client connected for -8563357
Client connected for -83603278
Server started:Thu Dec 06 13:41:17 GMT 2018
Connection request made Thu Dec 06 13:41:33 GMT 2018
Connection Succesful Thu Dec 06 13:41:33 GMT 2018
Connection with client closed
Client connected for -185649781556
Connection request made Thu Dec 06 13:44:38 GMT 2018
Connection Succesful Thu Dec 06 13:44:38 GMT 2018
Connection with client closed
Connection with client closed
Client connected for -185693065650
Connection with client closed
Client connected for -47918690
Server started:Thu Dec 06 13:47:58 GMT 2018
Connection request made Thu Dec 06 13:48:16 GMT 2018
Connection Succesful Thu Dec 06 13:48:16 GMT 2018
Connection with client closed
Client connected for -21664618930
Connection request made Thu Dec 06 13:48:37 GMT 2018
Connection Succesful Thu Dec 06 13:48:37 GMT 2018
Connection with client closed
Client connected for -21705520837
Server started:Fri Dec 07 11:47:21 GMT 2018
Connection request made Fri Dec 07 11:47:37 GMT 2018
Connection Succesful Fri Dec 07 11:47:37 GMT 2018
got song request Lobo from client
Connection with client closed
Client connected for -10171614937
Connection with client closed
Client connected for -10193087964
Server started:Fri Dec 07 11:50:23 GMT 2018
Server started:Fri Dec 07 11:56:39 GMT 2018
Connection request made Fri Dec 07 11:57:03 GMT 2018
Connection Succesful Fri Dec 07 11:57:03 GMT 2018
got song request Lobo from client
Connection with client closed
Client connected for -6300279717
Connection with client closed
Client connected for -6322937169
Connection with client closed
Client connected for -41423528663
Server started:Fri Dec 07 12:09:38 GMT 2018
Server started:Fri Dec 07 12:10:09 GMT 2018
Connection request made Fri Dec 07 12:10:15 GMT 2018
Connection Succesful Fri Dec 07 12:10:15 GMT 2018
Connection with client closed
Client connected for -2862599508
Connection with client closed
Client connected for -2893602822
Server started:Fri Dec 07 12:13:20 GMT 2018
Connection request made Fri Dec 07 12:13:35 GMT 2018
Connection Succesful Fri Dec 07 12:13:35 GMT 2018
got song request Lobo from client
Connection with client closed
Client connected for -6397630842
Connection with client closed
Client connected for -6422994672
Connection with client closed
Client connected for -15381570059
Server started:Fri Dec 07 12:46:13 GMT 2018
Connection request made Fri Dec 07 12:46:34 GMT 2018
Connection Succesful Fri Dec 07 12:46:34 GMT 2018
got song request Lobob from client
got song request Lobo from client
Connection with client closed
Client connected for -10291541441
Connection with client closed
Client connected for -10321987167
Server started:Fri Dec 07 14:15:19 GMT 2018
Connection request made Fri Dec 07 14:15:38 GMT 2018
Connection Succesful Fri Dec 07 14:15:38 GMT 2018
got song request Lobob from client
got song request Lobo from client
Connection with client closed
Client connected for -17495617012
Connection with client closed
Client connected for -17509491046
Server started:Fri Dec 07 14:39:10 GMT 2018
Connection request made Fri Dec 07 14:39:25 GMT 2018
Connection Succesful Fri Dec 07 14:39:25 GMT 2018
got song request Lobob from client
got song request Lobo from client
Connection with client closed
Client connected for 11622661351
Connection with client closed
Client connected for 11633550983
Server started:Fri Dec 07 14:42:45 GMT 2018
Connection request made Fri Dec 07 14:42:56 GMT 2018
Connection Succesful Fri Dec 07 14:42:56 GMT 2018
got song request Lobo from client
Connection with client closed
Client connected for 7537264250
Connection with client closed
Client connected for 7547578853
Server started:Fri Dec 07 14:43:30 GMT 2018
Connection request made Fri Dec 07 14:43:36 GMT 2018
Connection Succesful Fri Dec 07 14:43:36 GMT 2018
got song request Wang Chung from client
Connection with client closed
Client connected for 7311598696
Connection with client closed
Client connected for 7325173675
Server started:Fri Dec 07 14:47:24 GMT 2018
Connection request made Fri Dec 07 14:47:32 GMT 2018
Connection Succesful Fri Dec 07 14:47:32 GMT 2018
got song request Wang Chung from client
Connection with client closed
Client connected for 18356745350
Connection with client closed
Client connected for 18371196978
Server started:Fri Dec 07 14:48:53 GMT 2018
Connection request made Fri Dec 07 14:49:07 GMT 2018
Connection Succesful Fri Dec 07 14:49:07 GMT 2018
got song request Wang Chung from client
Connection with client closed
Client connected for 16377424314
Connection with client closed
Client connected for 16386587835
Server started:Fri Dec 07 14:50:48 GMT 2018
Server started:Fri Dec 07 14:52:15 GMT 2018
Server started:Fri Dec 07 14:54:00 GMT 2018
Connection request made Fri Dec 07 14:54:08 GMT 2018
Connection Succesful Fri Dec 07 14:54:08 GMT 2018
got song request Lobo from client
got song request Wang Chung from client
Connection with client closed
Client connected for 12114868202
Connection with client closed
Client connected for 12121480259
Server started:Fri Dec 07 14:55:13 GMT 2018
Connection request made Fri Dec 07 14:55:27 GMT 2018
Connection Succesful Fri Dec 07 14:55:27 GMT 2018
got song request Lobo from client
got song request Wang Chung from client
Connection with client closed
Client connected for 15719191226
Connection with client closed
Client connected for 15733712616
Server started:Fri Dec 07 14:58:06 GMT 2018
Connection request made Fri Dec 07 15:18:33 GMT 2018
Connection Succesful Fri Dec 07 15:18:33 GMT 2018
got song request Lobo from client
Connection with client closed
Client connected for 10468164407
Connection with client closed
Client connected for 10480395943
